[329.613924026] 2018-04-15 21:35:19,364 - INFO - launcher: Starting sanity checks
[330.668449402] 2018-04-15 21:35:19,365 - INFO - launcher: Checking for Python 3.5+
[330.668449402] 2018-04-15 21:35:19,365 - INFO - launcher: Checking console encoding
[330.668449402] 2018-04-15 21:35:19,365 - INFO - launcher: Setting console encoding to UTF-8
[330.668449402] 2018-04-15 21:35:19,365 - INFO - launcher: Ensuring we're in the right environment
[350.670337677] 2018-04-15 21:35:19,385 - INFO - launcher: Adding local bins/ folder to path
[353.670597076] 2018-04-15 21:35:19,388 - INFO - launcher: Required checks passed.
[353.670597076] 2018-04-15 21:35:19,388 - INFO - launcher: Optional checks passed.
[354.669332504] 2018-04-15 21:35:19,389 - INFO - launcher: Moving old musicbot log

######################### PRE-RUN SANITY CHECKS PASSED #########################

[15.1401424407958984] 2018-04-15 21:35:34,175 - WARNING - musicbot.config | In config.py::MainThread(14672), line 112 in run_checks: i18n file does not exist. Trying to fallback to config/i18n/en.json.
[15.1411418914794922] 2018-04-15 21:35:34,176 - INFO - musicbot.config | In config.py::MainThread(14672), line 123 in run_checks: Using i18n: config/i18n/en.json
[15.1451425552368164] 2018-04-15 21:35:34,180 - DEBUG - musicbot.json | In json.py::MainThread(14672), line 8 in __init__: Init JSON obj with config/i18n/en.json
[15.5506794452667236] 2018-04-15 21:35:34,585 - DEBUG - musicbot.bot | In bot.py::MainThread(14672), line 227 in _setup_logging: Set logging level to INFO
[15.5516815185546875] 2018-04-15 21:35:34,586 - INFO - musicbot.bot | In bot.py::MainThread(14672), line 84 in __init__: Starting MusicBot 1.9.7
[15.5527098178863525] 2018-04-15 21:35:34,587 - INFO - musicbot.bot | In bot.py::MainThread(14672), line 90 in __init__: Loaded autoplaylist with 2531 entries
[21.6822791099548340] 2018-04-15 21:35:40,717 - DEBUG - musicbot.bot | In bot.py::MainThread(14672), line 1074 in on_ready: Connection established, ready to go.
[21.6822791099548340] 2018-04-15 21:35:40,717 - DEBUG - musicbot.bot | In bot.py::MainThread(14672), line 339 in _cache_app_info: Caching app info
[22.0272541046142578] 2018-04-15 21:35:41,062 - DEBUG - musicbot.bot | In bot.py::MainThread(14672), line 889 in _scheck_ensure_env: Ensuring data folders exist
[22.0293045043945312] 2018-04-15 21:35:41,064 - DEBUG - musicbot.bot | In bot.py::MainThread(14672), line 905 in _scheck_server_permissions: Checking server permissions
[22.0293045043945312] 2018-04-15 21:35:41,064 - DEBUG - musicbot.bot | In bot.py::MainThread(14672), line 909 in _scheck_autoplaylist: Auditing autoplaylist
[22.0302724838256836] 2018-04-15 21:35:41,065 - DEBUG - musicbot.bot | In bot.py::MainThread(14672), line 913 in _scheck_configs: Validating config
[22.0302724838256836] 2018-04-15 21:35:41,065 - DEBUG - musicbot.config | In config.py::MainThread(14672), line 212 in async_validate: Validating options...
[22.0302724838256836] 2018-04-15 21:35:41,065 - DEBUG - musicbot.bot | In bot.py::MainThread(14672), line 916 in _scheck_configs: Validating permissions config
[22.0302724838256836] 2018-04-15 21:35:41,065 - DEBUG - musicbot.permissions | In permissions.py::MainThread(14672), line 64 in async_validate: Validating permissions...
[22.0302724838256836] 2018-04-15 21:35:41,065 - INFO - musicbot.bot | In bot.py::MainThread(14672), line 1091 in on_ready: Connected: 434907824640753674/๖ۣۜZΞUS⚡#1169
[22.0312690734863281] 2018-04-15 21:35:41,066 - INFO - musicbot.bot | In bot.py::MainThread(14672), line 1099 in on_ready: Owner:     278136676574953472/๖ۣۜZΞUS⚡#4286

[22.0312690734863281] 2018-04-15 21:35:41,066 - INFO - musicbot.bot | In bot.py::MainThread(14672), line 1102 in on_ready: Server List:
[22.0322992801666260] 2018-04-15 21:35:41,067 - INFO - musicbot.bot | In bot.py::MainThread(14672), line 1105 in on_ready:  - Fury's Basement
[22.0322992801666260] 2018-04-15 21:35:41,067 - INFO - musicbot.bot | In bot.py::MainThread(14672), line 1105 in on_ready:  - Official ๖ۣۜZΞUS⚡Chat
[22.0322992801666260] 2018-04-15 21:35:41,067 - INFO - musicbot.bot | In bot.py::MainThread(14672), line 1151 in on_ready: Not bound to any text channels
[22.0332994461059570] 2018-04-15 21:35:41,068 - INFO - musicbot.bot | In bot.py::MainThread(14672), line 1177 in on_ready: Not autojoining any voice channels
